2 8 133.3999999999967
3 72 99.9999999999986
5 19 999.9000000001588
5 38 208.39999999999245
7 58 562.5000000000593
7 83 124.99999999999717
8 14 999.9000000001588
8 72 500.0000000000452
9 65 874.9000000001304
11 3 124.99999999999717
12 20 133.3999999999967
14 66 500.0000000000452
17 81 999.9000000001588
19 28 714.1000000000938
19 82 142.89999999999617
19 95 142.89999999999617
20 6 99.9999999999986
20 84 500.0000000000452
22 44 499.90000000004517
25 71 999.9000000001588
26 60 800.0000000001133
28 8 133.29999999999671
28 10 99.9999999999986
28 16 333.3000000000073
28 34 133.29999999999671
29 53 866.6000000001285
30 33 333.3000000000073
31 65 99.9999999999986
32 33 500.0000000000452
34 68 999.9000000001588
35 62 199.99999999999292
36 14 142.89999999999617
36 34 142.79999999999617
36 89 391.5000000000205
37 16 437.500000000031
37 18 124.99999999999717
37 58 437.40000000003096
38 57 199.99999999999292
38 72 99.9999999999986
38 76 199.99999999999292
40 22 142.79999999999617
43 33 333.3000000000073
43 35 333.3000000000073
45 74 99.9999999999986
46 16 224.9999999999915
46 84 499.90000000004517
47 2 791.6000000001114
47 43 500.0000000000452
49 91 224.9999999999915
49 95 99.9999999999986
52 2 124.99999999999717
54 56 142.79999999999617
54 62 199.99999999999292
54 77 199.99999999999292
55 91 287.4999999999969
57 79 999.9000000001588
58 56 499.90000000004517
60 38 199.99999999999292
65 10 614.2000000000711
66 78 333.3000000000073
67 45 866.6000000001285
68 34 999.9000000001588
68 86 712.4000000000934
69 52 99.9999999999986
72 8 624.9000000000735
72 69 124.99999999999717
73 83 208.29999999999245
74 51 500.0000000000452
75 41 333.20000000000726
75 51 499.90000000004517
76 35 666.600000000083
76 94 999.9000000001588
77 66 499.90000000004517
78 36 857.1000000001263
79 53 999.9000000001588
80 38 133.29999999999671
83 20 199.99999999999292
83 37 99.9999999999986
83 54 199.89999999999293
84 50 224.9999999999915
85 5 199.89999999999293
86 52 99.8999999999986
86 54 287.4999999999969
87 86 999.9000000001588
88 71 999.9000000001588
89 97 999.9000000001588
90 69 124.99999999999717
92 11 142.79999999999617
95 5 124.99999999999717
97 38 124.89999999999718
99 15 333.3000000000073
99 30 666.600000000083
100 45 133.29999999999671
