2 8 159.9999999999952
3 72 99.9999999999986
5 19 999.9000000001588
5 38 196.6999999999931
7 58 562.5000000000593
7 83 124.99999999999717
8 14 500.0000000000452
8 72 499.90000000004517
9 65 874.9000000001304
11 3 124.99999999999717
12 20 159.9999999999952
14 66 500.0000000000452
17 81 999.9000000001588
19 28 749.900000000102
19 82 124.99999999999717
19 95 124.99999999999717
20 6 99.9999999999986
20 84 679.900000000086
22 44 499.90000000004517
25 71 680.0000000000861
26 60 399.60000000002236
28 8 159.9999999999952
28 10 99.9999999999986
28 16 399.50000000002234
28 34 159.9999999999952
29 53 839.9000000001224
30 33 333.3000000000073
31 65 99.9999999999986
32 33 500.0000000000452
34 68 999.9000000001588
35 62 200.79999999999288
36 14 124.99999999999717
36 34 124.99999999999717
36 89 124.99999999999717
37 16 437.500000000031
37 18 124.99999999999717
37 58 437.40000000003096
38 57 199.99999999999292
38 72 99.9999999999986
38 76 199.99999999999292
40 22 124.99999999999717
43 33 333.3000000000073
43 35 333.3000000000073
45 74 99.9999999999986
46 16 199.99999999999292
46 84 320.00000000000426
47 2 500.0000000000452
47 43 499.90000000004517
49 91 199.99999999999292
49 95 99.9999999999986
52 2 124.99999999999717
54 56 124.99999999999717
54 62 200.79999999999288
54 77 500.0000000000452
55 91 299.9999999999997
57 79 999.9000000001588
58 56 500.0000000000452
60 38 196.6999999999931
65 10 449.9000000000338
66 78 199.99999999999292
67 45 799.1000000001131
68 34 999.9000000001588
68 86 699.9000000000906
69 52 99.9999999999986
72 8 499.90000000004517
72 69 124.99999999999717
73 83 196.59999999999312
74 51 500.0000000000452
75 41 500.0000000000452
75 51 499.90000000004517
76 35 666.600000000083
76 94 999.9000000001588
77 66 499.90000000004517
78 36 750.000000000102
79 53 999.9000000001588
80 38 159.9999999999952
83 20 199.99999999999292
83 37 99.9999999999986
83 54 199.89999999999293
84 50 199.99999999999292
85 5 200.79999999999288
86 52 99.8999999999986
86 54 299.9999999999997
87 86 562.4000000000593
88 71 319.90000000000424
89 97 999.9000000001588
90 69 124.99999999999717
92 11 124.89999999999718
95 5 124.99999999999717
97 38 124.89999999999718
99 15 500.0000000000452
99 30 499.90000000004517
100 45 200.79999999999288
