2 8 357.1000000000127
3 72 111.09999999999796
5 19 409.70000000002466
5 38 169.49999999999466
7 58 142.89999999999617
7 83 169.49999999999466
8 14 999.9000000001588
8 72 666.600000000083
9 65 222.19999999999166
11 3 166.69999999999482
12 20 357.2000000000127
14 66 249.99999999999008
17 81 999.9000000001588
19 28 142.89999999999617
19 82 142.89999999999617
19 95 714.1000000000938
20 6 111.09999999999796
20 84 500.0000000000452
22 44 249.99999999999008
25 71 819.3000000001177
26 60 500.0000000000452
28 8 357.1000000000127
28 10 111.09999999999796
28 16 166.69999999999482
28 34 276.39999999999435
29 53 830.5000000001203
30 33 249.99999999999008
31 65 111.09999999999796
32 33 249.99999999999008
34 68 999.9000000001588
35 62 155.59999999999545
36 14 142.79999999999617
36 34 714.3000000000939
36 89 142.79999999999617
37 16 428.60000000002896
37 18 428.50000000002893
37 58 142.79999999999617
38 57 180.59999999999403
38 72 111.09999999999796
38 76 180.59999999999403
40 22 357.1000000000127
43 33 249.99999999999008
43 35 249.8999999999901
45 74 409.70000000002466
46 16 166.69999999999482
46 84 499.90000000004517
47 2 500.0000000000452
47 43 500.0000000000452
49 91 166.69999999999482
49 95 111.09999999999796
52 2 166.69999999999482
54 56 111.09999999999796
54 62 155.59999999999545
54 77 155.49999999999545
55 91 166.59999999999482
57 79 999.9000000001588
58 56 500.0000000000452
60 38 155.49999999999545
65 10 888.8000000001335
66 78 844.4000000001234
67 45 844.4000000001234
68 34 999.9000000001588
68 86 666.700000000083
69 52 111.09999999999796
72 8 222.19999999999166
72 69 166.69999999999482
73 83 169.39999999999466
74 51 142.79999999999617
75 41 542.9000000000549
75 51 999.9000000001588
76 35 750.000000000102
76 94 999.9000000001588
77 66 499.90000000004517
78 36 999.9000000001588
79 53 833.3000000001209
80 38 169.39999999999466
83 20 180.49999999999403
83 37 180.49999999999403
83 54 166.59999999999482
84 50 166.59999999999482
85 5 276.2999999999943
86 52 499.90000000004517
86 54 499.90000000004517
87 86 222.19999999999166
88 71 999.9000000001588
89 97 999.9000000001588
90 69 166.59999999999482
92 11 111.09999999999796
95 5 166.59999999999482
97 38 166.59999999999482
99 15 499.90000000004517
99 30 249.8999999999901
100 45 155.49999999999545
