1 41 345.00000000000995
2 26 344.9000000000099
4 6 99.9999999999986
4 66 717.1000000000945
4 92 99.9999999999986
6 15 99.9999999999986
7 40 99.9999999999986
8 85 124.99999999999717
9 68 99.9999999999986
10 30 99.9999999999986
11 33 142.89999999999617
12 90 124.99999999999717
14 26 99.9999999999986
14 37 450.0000000000338
16 69 99.9999999999986
17 30 142.89999999999617
18 37 279.99999999999517
20 34 809.9000000001156
23 93 375.00000000001677
24 30 142.89999999999617
25 12 99.9999999999986
25 15 139.99999999999633
25 55 199.99999999999292
26 19 380.0000000000179
27 40 208.39999999999245
27 79 208.29999999999245
30 4 256.19999999998976
30 18 256.19999999998976
31 51 249.99999999999008
32 21 124.99999999999717
32 27 416.70000000002625
34 23 99.9999999999986
37 46 433.20000000003
37 62 124.99999999999717
38 80 139.99999999999633
41 17 139.99999999999633
42 37 749.900000000102
43 73 142.79999999999617
43 78 449.9000000000338
44 28 199.99999999999292
45 74 799.9000000001133
46 40 441.5000000000319
46 69 458.40000000003573
50 14 249.99999999999008
50 100 599.9000000000678
51 30 249.99999999999008
52 57 99.9999999999986
54 99 999.9000000001588
55 87 124.99999999999717
57 29 209.99999999999235
57 43 199.99999999999292
57 59 199.99999999999292
57 72 199.89999999999293
58 95 142.79999999999617
59 48 256.09999999998973
59 100 231.39999999999114
60 59 139.99999999999633
62 6 149.99999999999577
63 26 189.9999999999935
63 70 249.99999999999008
64 21 124.99999999999717
64 80 208.29999999999245
66 30 404.2000000000234
66 56 99.9999999999986
68 22 139.89999999999634
68 29 689.9000000000883
68 70 99.9999999999986
69 97 249.99999999999008
71 14 249.8999999999901
73 55 99.9999999999986
75 15 99.9999999999986
75 22 341.7000000000092
78 32 249.99999999999008
79 9 387.5000000000196
79 42 99.9999999999986
79 76 124.99999999999717
80 8 149.99999999999577
81 88 99.9999999999986
81 96 149.99999999999577
82 72 374.90000000001675
83 41 279.89999999999515
84 26 189.9999999999935
85 52 149.99999999999577
86 80 142.79999999999617
89 34 189.9999999999935
89 74 99.9999999999986
89 88 189.8999999999935
90 32 149.99999999999577
90 69 149.89999999999577
91 96 99.8999999999986
94 82 450.10000000003384
94 88 99.8999999999986
95 89 209.99999999999235
96 33 142.79999999999617
96 80 387.4000000000196
99 79 720.0000000000952
100 62 124.89999999999718
100 73 999.9000000001588
