2 8 249.99999999999008
3 72 333.3000000000073
5 19 999.9000000001588
5 38 166.69999999999482
7 58 500.0000000000452
7 83 166.69999999999482
8 14 999.9000000001588
8 72 499.90000000004517
9 65 500.0000000000452
11 3 999.9000000001588
12 20 277.79999999999467
14 66 500.0000000000452
17 81 999.9000000001588
19 28 333.3000000000073
19 82 500.0000000000452
19 95 500.0000000000452
20 6 999.9000000001588
20 84 722.1000000000956
22 44 499.90000000004517
25 71 999.9000000001588
26 60 199.99999999999292
28 8 249.99999999999008
28 10 249.99999999999008
28 16 199.99999999999292
28 34 249.8999999999901
29 53 833.3000000001209
30 33 500.0000000000452
31 65 499.90000000004517
32 33 666.600000000083
34 68 999.9000000001588
35 62 211.0999999999923
36 14 249.99999999999008
36 34 249.99999999999008
36 89 499.90000000004517
37 16 500.0000000000452
37 18 833.2000000001209
37 58 499.90000000004517
38 57 166.69999999999482
38 72 166.69999999999482
38 76 166.69999999999482
40 22 799.9000000001133
43 33 499.90000000004517
43 35 500.0000000000452
45 74 333.3000000000073
46 16 277.79999999999467
46 84 277.79999999999467
47 2 333.3000000000073
47 43 333.3000000000073
49 91 277.79999999999467
49 95 277.69999999999465
52 2 333.3000000000073
54 56 249.99999999999008
54 62 211.0999999999923
54 77 211.0999999999923
55 91 199.99999999999292
57 79 333.3000000000073
58 56 249.99999999999008
60 38 166.69999999999482
65 10 499.90000000004517
66 78 277.69999999999465
67 45 500.0000000000452
68 34 999.9000000001588
68 86 444.40000000003255
69 52 500.0000000000452
72 8 499.90000000004517
72 69 333.3000000000073
73 83 166.59999999999482
74 51 999.9000000001588
75 41 249.99999999999008
75 51 749.900000000102
76 35 499.90000000004517
76 94 999.9000000001588
77 66 499.90000000004517
78 36 500.0000000000452
79 53 999.9000000001588
80 38 166.59999999999482
83 20 166.59999999999482
83 37 166.59999999999482
83 54 166.59999999999482
84 50 199.99999999999292
85 5 199.89999999999293
86 52 499.90000000004517
86 54 355.50000000001234
87 86 999.9000000001588
88 71 999.9000000001588
89 97 999.9000000001588
90 69 388.90000000001993
92 11 249.8999999999901
95 5 499.90000000004517
97 38 166.59999999999482
99 15 500.0000000000452
99 30 499.90000000004517
100 45 499.90000000004517
