21068.1811 21660.5543 
20327.4431 18053.2577 
26768.4576 17758.3776 
13141.9138 26816.6496 
12311.0652 15670.7915 
26022.9278 39397.2696 
13609.9258 29914.9333 
5281.8050 17564.6246 
14427.4519 21604.6595 
15897.6081 19992.0953 
17418.7761 27618.5699 
43610.6422 17180.2759 
32634.1823 34338.0066 
11463.8106 23366.3556 
10939.1913 27482.5033 
14535.2873 28450.1850 
18079.4698 23158.0145 
25137.7244 48213.5397 
33539.9346 20080.9805 
18992.4517 31050.0332 
20593.3824 32157.9179 
12794.6577 22075.6607 
16740.5775 13863.4975 
16503.5128 14287.8233 
19701.3733 18772.6365 
20555.3530 33069.7155 
28665.8914 31226.3433 
29912.2596 12591.4866 
7141.4350 29504.1250 
20376.5783 40058.9001 
9144.8593 12834.3066 
20224.4210 19670.5014 
34581.1334 47967.6521 
26464.4959 32558.5553 
19506.1749 26681.9153 
15373.4253 26435.1405 
28617.2717 31971.4746 
18391.4577 25356.2806 
10113.8016 23810.4840 
24217.5247 37651.9001 
15834.3063 35853.0105 
16977.7641 28230.0960 
22751.0149 23896.0578 
17514.4359 36402.6844 
18046.2156 36812.2727 
26502.7707 38449.5685 
21905.0043 30210.6525 
27567.7716 35525.4165 
22813.5410 32378.1827 
23842.3895 35118.9573 
21428.1748 43939.0279 
8941.1468 33962.2323 
17338.0600 25005.2090 
18707.2651 29220.7635 
25086.2750 37831.8227 
11984.7394 19503.7864 
7740.7895 23715.1482 
13791.8130 23360.1456 
12407.3420 21481.5827 
25513.7378 20091.2701 
24782.5760 27799.8381 
14628.5297 31178.3536 
31690.8575 16678.3640 
26654.7083 32649.6323 
13875.8823 18139.2337 
35116.9999 23223.5901 
25069.0555 29036.5289 
20085.1342 25457.4526 
15642.5750 9162.9683 
19679.9827 19206.7087 
9657.2717 20693.1720 
24145.5941 38570.5509 
30006.5125 17840.5642 
21427.6098 23948.4547 
23064.6076 19269.5908 
35601.0302 24289.4019 
10482.5176 15469.1164 
14452.2132 36543.9834 
15107.4930 20497.0452 
23610.1317 27817.0194 
12746.2572 21163.6307 
11377.9481 19074.8362 
25932.8305 37904.4447 
19475.9319 24426.5560 
32769.0755 20667.9524 
22872.1174 20256.1033 
18357.8334 24746.4620 
17967.8176 22470.4186 
18056.4074 36606.1559 
20281.7703 38032.0207 
18313.5395 19228.6323 
11682.8645 25300.4334 
11538.2950 21741.1660 
10139.5934 20657.7859 
25495.1698 25234.3064 
9833.3554 37477.1031 
34989.9775 46435.0069 
20623.2126 34989.4173 
11202.6992 31085.6497 
14160.9221 19123.7259 
7540.8817 14076.2316 
