159.9999999999952 133.3999999999967
99.9999999999986 99.9999999999986
999.9000000001588 999.9000000001588
196.6999999999931 208.39999999999245
562.5000000000593 562.5000000000593
124.99999999999717 124.99999999999717
500.0000000000452 999.9000000001588
499.90000000004517 500.0000000000452
874.9000000001304 874.9000000001304
124.99999999999717 124.99999999999717
159.9999999999952 133.3999999999967
500.0000000000452 500.0000000000452
999.9000000001588 999.9000000001588
749.900000000102 714.1000000000938
124.99999999999717 142.89999999999617
124.99999999999717 142.89999999999617
99.9999999999986 99.9999999999986
679.900000000086 500.0000000000452
499.90000000004517 499.90000000004517
680.0000000000861 999.9000000001588
399.60000000002236 800.0000000001133
159.9999999999952 133.29999999999671
99.9999999999986 99.9999999999986
399.50000000002234 333.3000000000073
159.9999999999952 133.29999999999671
839.9000000001224 866.6000000001285
333.3000000000073 333.3000000000073
99.9999999999986 99.9999999999986
500.0000000000452 500.0000000000452
999.9000000001588 999.9000000001588
200.79999999999288 199.99999999999292
124.99999999999717 142.89999999999617
124.99999999999717 142.79999999999617
124.99999999999717 391.5000000000205
437.500000000031 437.500000000031
124.99999999999717 124.99999999999717
437.40000000003096 437.40000000003096
199.99999999999292 199.99999999999292
99.9999999999986 99.9999999999986
199.99999999999292 199.99999999999292
124.99999999999717 142.79999999999617
333.3000000000073 333.3000000000073
333.3000000000073 333.3000000000073
99.9999999999986 99.9999999999986
199.99999999999292 224.9999999999915
320.00000000000426 499.90000000004517
500.0000000000452 791.6000000001114
499.90000000004517 500.0000000000452
199.99999999999292 224.9999999999915
99.9999999999986 99.9999999999986
124.99999999999717 124.99999999999717
124.99999999999717 142.79999999999617
200.79999999999288 199.99999999999292
500.0000000000452 199.99999999999292
299.9999999999997 287.4999999999969
999.9000000001588 999.9000000001588
500.0000000000452 499.90000000004517
196.6999999999931 199.99999999999292
449.9000000000338 614.2000000000711
199.99999999999292 333.3000000000073
799.1000000001131 866.6000000001285
999.9000000001588 999.9000000001588
699.9000000000906 712.4000000000934
99.9999999999986 99.9999999999986
499.90000000004517 624.9000000000735
124.99999999999717 124.99999999999717
196.59999999999312 208.29999999999245
500.0000000000452 500.0000000000452
500.0000000000452 333.20000000000726
499.90000000004517 499.90000000004517
666.600000000083 666.600000000083
999.9000000001588 999.9000000001588
499.90000000004517 499.90000000004517
750.000000000102 857.1000000001263
999.9000000001588 999.9000000001588
159.9999999999952 133.29999999999671
199.99999999999292 199.99999999999292
99.9999999999986 99.9999999999986
199.89999999999293 199.89999999999293
199.99999999999292 224.9999999999915
200.79999999999288 199.89999999999293
99.8999999999986 99.8999999999986
299.9999999999997 287.4999999999969
562.4000000000593 999.9000000001588
319.90000000000424 999.9000000001588
999.9000000001588 999.9000000001588
124.99999999999717 124.99999999999717
124.89999999999718 142.79999999999617
124.99999999999717 124.99999999999717
124.89999999999718 124.89999999999718
500.0000000000452 333.3000000000073
499.90000000004517 666.600000000083
200.79999999999288 133.29999999999671
