159.9999999999952 357.1000000000127
99.9999999999986 111.09999999999796
999.9000000001588 409.70000000002466
196.6999999999931 169.49999999999466
562.5000000000593 142.89999999999617
124.99999999999717 169.49999999999466
500.0000000000452 999.9000000001588
499.90000000004517 666.600000000083
874.9000000001304 222.19999999999166
124.99999999999717 166.69999999999482
159.9999999999952 357.2000000000127
500.0000000000452 249.99999999999008
999.9000000001588 999.9000000001588
749.900000000102 142.89999999999617
124.99999999999717 142.89999999999617
124.99999999999717 714.1000000000938
99.9999999999986 111.09999999999796
679.900000000086 500.0000000000452
499.90000000004517 249.99999999999008
680.0000000000861 819.3000000001177
399.60000000002236 500.0000000000452
159.9999999999952 357.1000000000127
99.9999999999986 111.09999999999796
399.50000000002234 166.69999999999482
159.9999999999952 276.39999999999435
839.9000000001224 830.5000000001203
333.3000000000073 249.99999999999008
99.9999999999986 111.09999999999796
500.0000000000452 249.99999999999008
999.9000000001588 999.9000000001588
200.79999999999288 155.59999999999545
124.99999999999717 142.79999999999617
124.99999999999717 714.3000000000939
124.99999999999717 142.79999999999617
437.500000000031 428.60000000002896
124.99999999999717 428.50000000002893
437.40000000003096 142.79999999999617
199.99999999999292 180.59999999999403
99.9999999999986 111.09999999999796
199.99999999999292 180.59999999999403
124.99999999999717 357.1000000000127
333.3000000000073 249.99999999999008
333.3000000000073 249.8999999999901
99.9999999999986 409.70000000002466
199.99999999999292 166.69999999999482
320.00000000000426 499.90000000004517
500.0000000000452 500.0000000000452
499.90000000004517 500.0000000000452
199.99999999999292 166.69999999999482
99.9999999999986 111.09999999999796
124.99999999999717 166.69999999999482
124.99999999999717 111.09999999999796
200.79999999999288 155.59999999999545
500.0000000000452 155.49999999999545
299.9999999999997 166.59999999999482
999.9000000001588 999.9000000001588
500.0000000000452 500.0000000000452
196.6999999999931 155.49999999999545
449.9000000000338 888.8000000001335
199.99999999999292 844.4000000001234
799.1000000001131 844.4000000001234
999.9000000001588 999.9000000001588
699.9000000000906 666.700000000083
99.9999999999986 111.09999999999796
499.90000000004517 222.19999999999166
124.99999999999717 166.69999999999482
196.59999999999312 169.39999999999466
500.0000000000452 142.79999999999617
500.0000000000452 542.9000000000549
499.90000000004517 999.9000000001588
666.600000000083 750.000000000102
999.9000000001588 999.9000000001588
499.90000000004517 499.90000000004517
750.000000000102 999.9000000001588
999.9000000001588 833.3000000001209
159.9999999999952 169.39999999999466
199.99999999999292 180.49999999999403
99.9999999999986 180.49999999999403
199.89999999999293 166.59999999999482
199.99999999999292 166.59999999999482
200.79999999999288 276.2999999999943
99.8999999999986 499.90000000004517
299.9999999999997 499.90000000004517
562.4000000000593 222.19999999999166
319.90000000000424 999.9000000001588
999.9000000001588 999.9000000001588
124.99999999999717 166.59999999999482
124.89999999999718 111.09999999999796
124.99999999999717 166.59999999999482
124.89999999999718 166.59999999999482
500.0000000000452 499.90000000004517
499.90000000004517 249.8999999999901
200.79999999999288 155.49999999999545
