159.9999999999952 249.99999999999008
99.9999999999986 333.3000000000073
999.9000000001588 999.9000000001588
196.6999999999931 166.69999999999482
562.5000000000593 500.0000000000452
124.99999999999717 166.69999999999482
500.0000000000452 999.9000000001588
499.90000000004517 499.90000000004517
874.9000000001304 500.0000000000452
124.99999999999717 999.9000000001588
159.9999999999952 277.79999999999467
500.0000000000452 500.0000000000452
999.9000000001588 999.9000000001588
749.900000000102 333.3000000000073
124.99999999999717 500.0000000000452
124.99999999999717 500.0000000000452
99.9999999999986 999.9000000001588
679.900000000086 722.1000000000956
499.90000000004517 499.90000000004517
680.0000000000861 999.9000000001588
399.60000000002236 199.99999999999292
159.9999999999952 249.99999999999008
99.9999999999986 249.99999999999008
399.50000000002234 199.99999999999292
159.9999999999952 249.8999999999901
839.9000000001224 833.3000000001209
333.3000000000073 500.0000000000452
99.9999999999986 499.90000000004517
500.0000000000452 666.600000000083
999.9000000001588 999.9000000001588
200.79999999999288 211.0999999999923
124.99999999999717 249.99999999999008
124.99999999999717 249.99999999999008
124.99999999999717 499.90000000004517
437.500000000031 500.0000000000452
124.99999999999717 833.2000000001209
437.40000000003096 499.90000000004517
199.99999999999292 166.69999999999482
99.9999999999986 166.69999999999482
199.99999999999292 166.69999999999482
124.99999999999717 799.9000000001133
333.3000000000073 499.90000000004517
333.3000000000073 500.0000000000452
99.9999999999986 333.3000000000073
199.99999999999292 277.79999999999467
320.00000000000426 277.79999999999467
500.0000000000452 333.3000000000073
499.90000000004517 333.3000000000073
199.99999999999292 277.79999999999467
99.9999999999986 277.69999999999465
124.99999999999717 333.3000000000073
124.99999999999717 249.99999999999008
200.79999999999288 211.0999999999923
500.0000000000452 211.0999999999923
299.9999999999997 199.99999999999292
999.9000000001588 333.3000000000073
500.0000000000452 249.99999999999008
196.6999999999931 166.69999999999482
449.9000000000338 499.90000000004517
199.99999999999292 277.69999999999465
799.1000000001131 500.0000000000452
999.9000000001588 999.9000000001588
699.9000000000906 444.40000000003255
99.9999999999986 500.0000000000452
499.90000000004517 499.90000000004517
124.99999999999717 333.3000000000073
196.59999999999312 166.59999999999482
500.0000000000452 999.9000000001588
500.0000000000452 249.99999999999008
499.90000000004517 749.900000000102
666.600000000083 499.90000000004517
999.9000000001588 999.9000000001588
499.90000000004517 499.90000000004517
750.000000000102 500.0000000000452
999.9000000001588 999.9000000001588
159.9999999999952 166.59999999999482
199.99999999999292 166.59999999999482
99.9999999999986 166.59999999999482
199.89999999999293 166.59999999999482
199.99999999999292 199.99999999999292
200.79999999999288 199.89999999999293
99.8999999999986 499.90000000004517
299.9999999999997 355.50000000001234
562.4000000000593 999.9000000001588
319.90000000000424 999.9000000001588
999.9000000001588 999.9000000001588
124.99999999999717 388.90000000001993
124.89999999999718 249.8999999999901
124.99999999999717 499.90000000004517
124.89999999999718 166.59999999999482
500.0000000000452 500.0000000000452
499.90000000004517 499.90000000004517
200.79999999999288 499.90000000004517
