45604.2507 
65524.8665 
69575.3225 
48115.0210 
83451.0938 
50727.4616 
52355.3201 
49554.6156 
63523.5389 
64356.1809 
86942.4379 
92351.1037 
51417.3128 
49312.9709 
50107.8912 
82603.4739 
45643.8761 
69238.1444 
65992.9948 
73245.9195 
53103.3648 
57109.5544 
41907.3748 
55508.4643 
45502.7045 
77359.6863 
61072.2683 
69170.3371 
80849.9613 
70981.4334 
57374.3574 
30120.3130 
43636.5910 
33379.9615 
53048.4673 
70402.5465 
46934.1624 
72693.0841 
79852.7582 
54751.7172 
51545.0194 
61897.4991 
57707.4170 
56152.9461 
68186.7913 
67438.6490 
83700.7071 
69537.8296 
43752.4204 
58817.9483 
56449.0308 
33651.2700 
56605.2320 
53259.6961 
51116.7024 
80116.5368 
58982.4628 
58901.3328 
67861.5953 
69986.9020 
35545.5388 
60252.0864 
59413.7374 
46918.4988 
44053.8260 
43440.9708 
51507.1977 
66637.1904 
47997.6234 
58474.6706 
77119.8284 
69367.0464 
21938.7522 
71710.4321 
37921.0818 
89618.2831 
38124.0496 
37003.2149 
46700.7975 
46857.3115 
57415.6382 
69366.4977 
62028.2450 
43750.5120 
82261.9944 
73419.0195 
69048.7909 
63160.9830 
74888.5830 
42375.2255 
80911.5054 
74186.2183 
44902.7375 
60276.4127 
54769.8034 
39797.7756 
74488.6342 
52445.1472 
72972.7092 
69490.9531 
106432.2627 
60065.0634 
44394.3984 
71661.2039 
79818.6454 
41475.0183 
51680.1988 
78421.9134 
65505.4843 
89185.2581 
45279.5715 
76526.5855 
77963.6575 
85667.3195 
64004.2573 
69466.5165 
45100.5381 
97351.5673 
69618.1858 
68272.5572 
76234.3648 
44648.0532 
69882.0843 
73344.5349 
77611.5103 
72350.9932 
45895.1071 
70154.7262 
63200.7636 
48440.9396 
78197.8850 
69915.2490 
67308.6206 
50582.8640 
57161.5492 
69942.7748 
67720.5188 
52095.9349 
66845.4201 
56693.6453 
77894.1425 
54084.2392 
63137.7740 
71479.7801 
37700.0924 
73430.8704 
68065.4138 
68146.9836 
67297.4694 
45402.9446 
77545.0829 
48760.4270 
93859.5904 
60263.3704 
58957.7772 
51901.5207 
30216.3358 
51224.4347 
62847.7714 
54978.0811 
57692.6779 
58189.0122 
54326.1351 
54676.4528 
65450.2692 
41966.8276 
55821.2069 
84395.0807 
71871.1254 
74695.2177 
29116.8989 
80187.4068 
61434.0136 
51788.3237 
53858.1188 
35506.9753 
54437.0647 
62336.7404 
65514.9905 
39649.7494 
84114.2623 
81797.9394 
60193.8435 
75707.7036 
42840.2390 
64788.8403 
33091.1391 
29392.0886 
79505.7180 
56116.1175 
63516.8842 
77462.5810 
67682.7769 
66899.9013 
34396.9275 
64431.7591 
68633.9379 
35717.6268 
40871.7365 
67896.1808 
54782.5268 
36555.6026 
46048.2245 
48545.3349 
73366.7839 
48955.7040 
71591.5621 
116643.1583 
63367.5879 
77923.7327 
54779.7127 
59156.4084 
65004.4392 
66394.8862 
74088.0491 
52722.5040 
63535.7484 
59121.0986 
85716.9786 
42976.3371 
55906.7023 
69745.3738 
86798.2100 
55714.5371 
26926.1074 
58287.9323 
61899.8350 
52251.9119 
49208.2690 
35607.4434 
59968.6523 
103626.2255 
62425.3464 
67661.5885 
22883.2706 
66655.0387 
60044.0866 
31678.3525 
40886.8302 
61176.4626 
97719.3600 
57235.7001 
56205.4162 
102637.6726 
69758.5978 
50699.6944 
63188.6461 
56258.5883 
36946.4529 
59545.5764 
46890.7219 
47235.0101 
54125.6670 
60102.8253 
53233.7470 
58784.4819 
98114.8698 
50657.2296 
92023.3552 
84863.3076 
59112.9851 
74616.7304 
41678.7608 
47274.3145 
69338.3545 
101871.2171 
52614.9976 
40594.7519 
40847.7778 
45110.3038 
25018.5190 
86804.3561 
53490.9574 
56704.8747 
24625.5935 
42364.9685 
63686.0477 
47746.0349 
76936.9726 
58571.6203 
39123.2283 
52317.3356 
66077.3344 
75266.2449 
69376.9326 
100920.6803 
87987.9045 
58034.9768 
61376.8934 
75969.9984 
47294.5704 
71339.3903 
94545.8377 
74475.2605 
43431.5354 
52559.7499 
93418.3313 
72164.4968 
61847.6806 
83099.7123 
70809.7955 
47988.3862 
71334.8782 
54925.6820 
77213.6226 
72009.7955 
87398.6883 
46847.1900 
77273.3487 
64613.6333 
52571.0767 
73065.4872 
60809.0185 
84226.7066 
43690.8824 
70314.4600 
44287.6025 
41988.0428 
65844.1818 
82596.1506 
48130.8098 
32515.4481 
67490.4750 
53112.4973 
56977.3724 
61307.0068 
45538.5784 
35187.0123 
72737.7395 
92984.6340 
100453.4676 
48833.7649 
72618.8583 
101466.2146 
55244.8656 
65560.7130 
70334.1415 
55951.5272 
59491.1686 
49571.7634 
57214.5653 
37229.6919 
51471.1081 
75640.0332 
42839.9133 
56666.6631 
44130.4152 
76723.6501 
54654.0430 
55042.4200 
52001.2428 
50645.7532 
53279.4083 
50215.5355 
54996.1440 
85881.5651 
74372.2613 
41917.3734 
47820.4451 
47126.1829 
78330.8101 
53030.7516 
36197.3201 
44048.3425 
61855.7220 
59072.2444 
70854.1971 
42182.6920 
67490.4489 
71779.6965 
44412.7393 
76185.3933 
63434.8679 
62505.9345 
78322.4355 
45876.3697 
59994.0545 
55366.4790 
53413.0032 
79350.6097 
52344.6993 
28305.0287 
46780.5557 
47151.7689 
69458.6645 
38840.3119 
46442.3339 
54020.6177 
84740.7120 
59276.2393 
65512.9366 
59796.1967 
46075.3785 
40500.2499 
46542.9667 
75389.7155 
37697.2809 
56387.6787 
85453.0740 
53833.9191 
27221.1323 
51792.5681 
78048.3656 
62633.7712 
73644.8530 
56957.6656 
57438.5736 
69542.2715 
77879.2561 
76780.9593 
64805.4830 
55494.5372 
74565.7130 
40268.0709 
68454.9399 
77654.0238 
41434.1724 
71039.4473 
69600.7006 
58364.5969 
59584.8471 
41335.0577 
46862.4041 
54623.5746 
64948.3214 
55902.8336 
61437.4811 
39730.2203 
51375.7934 
83089.1574 
46875.3530 
70707.8262 
57410.0975 
64083.1696 
94715.4237 
58901.9715 
46598.6195 
80824.9027 
60442.4312 
48742.4284 
91487.5523 
56947.8430 
61015.6098 
47653.4071 
46755.8626 
44599.6410 
70765.4855 
74405.8503 
76545.6824 
44094.8635 
80490.2460 
74292.2455 
63614.4490 
53334.4813 
71910.2640 
36643.2352 
56834.0688 
70602.4520 
73187.4529 
55419.7344 
56729.8013 
55998.5846 
62131.5810 
68301.9124 
78657.5132 
64859.3922 
55248.7128 
28914.5527 
89531.4158 
53137.1033 
33126.3298 
74592.2312 
92512.9113 
113757.7018 
68566.6222 
76518.5090 
56805.9851 
41989.1936 
63502.1065 
72489.0716 
79869.0894 
59694.1768 
74617.6708 
56188.4945 
70727.1866 
63778.7631 
52450.6515 
43716.3024 
34627.5724 
45353.6292 
126450.8076 
53556.8425 
63994.9510 
68057.6509 
49363.2040 
38714.8518 
104257.8279 
46232.7601 
42390.2479 
45896.5400 
28101.4248 
64014.8317 
81976.8868 
76535.9801 
51519.0742 
63177.6518 
40197.6113 
94307.9328 
33783.9508 
51876.5071 
26829.8099 
52236.6799 
67636.6656 
55633.0049 
59858.2731 
64611.2752 
29029.4599 
67885.1907 
59310.5020 
96453.3258 
55182.2714 
84132.4203 
54449.0010 
37895.1105 
51474.1010 
67083.8539 
61724.8075 
48092.7194 
50506.8025 
49125.0286 
112693.6128 
79191.9885 
84345.4671 
78994.2142 
93220.8044 
45896.8002 
49483.5369 
42570.1141 
76630.1781 
73207.2017 
48382.0550 
42459.4651 
55372.8683 
47100.8990 
80661.0734 
73702.7117 
47740.1426 
75518.5800 
71468.4076 
41777.4462 
72655.6279 
55324.4573 
52331.9116 
60008.8013 
65497.2606 
32329.1034 
61746.5025 
57668.6468 
72210.3715 
44661.9544 
83121.8189 
41712.7786 
36665.7985 
24737.8581 
36210.2770 
75020.6524 
53529.6366 
58490.6728 
24778.5112 
46448.3363 
44780.3575 
48480.1243 
65641.1957 
19885.6675 
51816.6173 
63387.6260 
70627.6539 
66064.6373 
55132.5525 
53322.2083 
64473.7098 
23321.9062 
45705.8707 
67601.4840 
65656.8994 
33220.9477 
83819.4032 
38075.5059 
91267.1818 
83605.2751 
58324.0818 
55710.6790 
74404.8831 
62537.5023 
58767.1440 
78849.8559 
42502.1252 
80520.9078 
57377.9651 
60625.4834 
64060.7329 
93989.9979 
34237.8032 
69431.1417 
59829.0732 
59202.4562 
53548.9576 
79757.8358 
67257.9716 
76253.9925 
47051.0866 
64440.1892 
48164.0319 
70209.5615 
71439.0164 
68950.7745 
60035.9274 
74690.8903 
116735.0160 
42667.0894 
53040.6522 
70943.3054 
98089.0210 
68376.3210 
45922.1606 
72963.2637 
57968.2047 
59670.5261 
43102.5059 
36047.6314 
60673.1213 
64168.9600 
57907.1772 
47760.2982 
57055.1078 
65162.7784 
66369.1206 
79311.8337 
98770.5611 
74817.3243 
15736.2071 
60102.7428 
73623.1519 
65557.7062 
45443.3922 
65460.5826 
60676.5018 
35826.9385 
53548.8476 
69833.8881 
44198.5935 
64385.1366 
25046.3023 
81102.6073 
51821.5996 
48676.8974 
62606.1572 
59862.8198 
78577.9467 
40089.4592 
65750.2363 
64049.2280 
65385.4576 
46413.8890 
44013.8512 
80687.7819 
36183.0472 
58422.8245 
108653.8143 
31549.3523 
79290.7128 
52520.4983 
87639.6871 
57266.8091 
98451.2846 
29079.2823 
52934.7112 
60846.6890 
57433.3997 
49486.5808 
50243.1858 
40386.0276 
30151.1990 
64890.8973 
56061.1051 
60656.9076 
66213.5509 
67632.2285 
36559.0165 
63060.8830 
87432.9951 
51101.0124 
50343.9823 
76330.5781 
67280.3085 
69204.4544 
92536.8674 
96210.2867 
74857.6744 
37184.4462 
45311.1897 
73366.7241 
62270.8008 
59723.0071 
39513.3704 
59705.6477 
43568.3050 
113194.4892 
41867.1260 
57255.8423 
47341.1217 
103161.4866 
56914.8615 
63830.4770 
61834.1334 
67488.7747 
63411.2193 
57981.2670 
41918.0439 
58326.0302 
60551.9071 
63024.1821 
54176.9319 
71405.6224 
40891.9991 
55775.9157 
81217.9956 
46558.6244 
68555.4393 
63543.6615 
74431.6359 
78124.8276 
84970.0340 
73616.7864 
50064.9140 
81389.9543 
71616.7519 
41849.1843 
40566.5667 
68513.8140 
72266.8741 
39128.7592 
44207.3441 
90301.8117 
58397.9072 
79310.8136 
44950.0087 
77102.2133 
51382.3314 
96529.4366 
40697.6580 
45607.7097 
49801.6895 
58286.7466 
33277.8030 
65222.5086 
46274.7494 
48610.6868 
72855.2462 
31215.1793 
63134.6438 
113475.2499 
53806.7806 
58327.7806 
44141.9343 
93915.7043 
51568.4624 
57697.4970 
59170.4837 
47205.6307 
38926.5939 
102133.0158 
50790.1377 
35079.7595 
37961.3727 
67683.0258 
81336.8465 
71630.2389 
46769.2863 
97456.5057 
46145.3934 
42684.9480 
43774.3111 
62897.7945 
64752.4294 
50547.3722 
68515.1226 
58301.6292 
61916.4981 
44969.7844 
72307.0425 
55263.5552 
39240.6934 
45465.1783 
75545.0197 
61530.4912 
56768.9063 
54671.8915 
76759.3698 
46080.2606 
53861.9300 
58021.0394 
53961.0880 
68350.8860 
37502.4370 
66797.0927 
90852.3086 
49777.6419 
35288.9825 
57865.1215 
58200.0514 
74229.3019 
50711.0749 
53508.7939 
31900.8815 
36251.4295 
37473.9714 
43222.7306 
92694.1894 
48141.9189 
59935.1868 
79751.4219 
67089.9274 
78767.8715 
50039.7670 
80218.3543 
48127.9657 
71082.5160 
58888.9083 
81010.2146 
71147.1789 
58214.7543 
46687.6997 
66501.5048 
40632.3464 
68520.3618 
72434.8149 
94215.0039 
67940.2425 
43019.1269 
97592.9513 
76912.5162 
46819.7146 
51515.6493 
56004.2335 
63350.1575 
61212.1127 
64970.1116 
101082.0063 
41901.2613 
61005.1756 
76200.4780 
65588.5702 
35601.8712 
46532.2521 
72543.4975 
55284.4399 
85995.7708 
35438.4887 
66271.7815 
47674.6590 
72653.1718 
77273.3295 
84553.8204 
59020.7072 
62580.0046 
71257.9874 
42720.7053 
61555.0623 
68153.5756 
69674.2241 
46165.8794 
60940.1402 
80577.1599 
62566.5809 
34701.1994 
77703.7004 
81808.4452 
76548.6507 
44836.3462 
81017.7411 
48315.9160 
64907.6490 
33500.3397 
70465.9733 
39552.6755 
59521.5252 
70074.3096 
49183.6442 
54696.0429 
51522.1865 
79437.1394 
52976.8741 
77867.5532 
54849.6446 
85358.7847 
62575.1236 
53027.2801 
69668.1278 
47190.7354 
47294.8654 
52072.6377 
56867.7427 
69896.5788 
91380.6904 
70969.1772 
68479.1304 
63368.7052 
52323.6413 
44625.7597 
78163.6660 
52131.5916 
91207.7259 
43833.7604 
75689.6207 
45037.8871 
77908.3571 
79918.9281 
80029.3891 
57987.3030 
43971.0415 
74327.1717 
64217.0767 
63527.6045 
36794.1368 
50082.1532 
50403.7268 
65913.8073 
69877.7000 
76806.1931 
46867.6305 
39573.4183 
56787.2504 
48789.6131 
69661.3634 
78162.1632 
83739.6849 
57480.9327 
65383.4876 
43349.5456 
73925.4233 
64480.5054 
51741.5501 
69437.9063 
33512.4647 
70064.5920 
54655.8408 
21484.7334 
49430.9555 
72056.1266 
62991.5949 
41956.0886 
55359.5516 
39401.0884 
45649.2594 
43041.8507 
68718.1981 
51925.1249 
48502.4770 
60359.0643 
70713.4495 
35531.7416 
56734.0404 
41625.0764 
55379.7949 
69645.1501 
33218.2693 
57444.0737 
56575.2722 
60822.7729 
37098.4458 
89790.3706 
45350.1944 
30446.5784 
64527.2008 
85770.4403 
52709.2601 
91360.0960 
64549.7316 
53386.8655 
44579.7086 
38749.4731 
51520.5302 
53713.4963 
41242.1810 
68294.3145 
70461.2967 
45317.0334 
64708.4445 
63172.4496 
76464.6646 
48377.9059 
52667.6345 
43474.7265 
53246.6669 
67172.2586 
36499.9607 
86385.7150 
60480.0916 
52263.3548 
