41555.1011 
61358.6779 
36999.6059 
40182.8472 
34317.3690 
28938.3341 
33715.1524 
50617.6249 
47688.4671 
42046.8430 
53441.2255 
38769.5386 
51004.1662 
18187.1220 
39353.0316 
27856.6130 
49635.7760 
47894.0740 
80624.3641 
36503.5482 
27776.0427 
56191.1666 
54727.0433 
61623.0556 
50670.0493 
58413.0430 
61596.2777 
35947.2055 
38066.8588 
55101.8996 
18882.8698 
66226.4356 
43145.1148 
33075.9521 
55223.3266 
48918.8884 
38161.2882 
45761.1049 
44742.8048 
45612.6054 
44511.3543 
43835.8332 
68295.7445 
41546.8586 
45462.7311 
44230.4407 
53388.8832 
39730.4477 
40626.7601 
60628.5198 
45411.8940 
32120.3422 
49480.1020 
44902.8373 
68116.1330 
36809.2206 
57745.4281 
27414.1663 
58760.4574 
37698.0274 
55763.1389 
34463.8198 
23420.3237 
28169.7023 
50600.2961 
56822.2735 
20023.3905 
40964.4575 
48693.6421 
54378.1058 
30601.5309 
64574.7643 
55270.6225 
59426.3086 
21943.2000 
47173.5911 
39551.0987 
51068.0725 
49014.4173 
60195.5936 
21592.9743 
51249.2726 
16461.3876 
43567.6773 
34640.8694 
33977.8754 
28175.9616 
38578.7719 
36102.2795 
32843.3574 
22639.4154 
50915.1408 
50107.7183 
66962.2343 
22839.5055 
13800.9092 
28271.1056 
30413.1739 
48740.9708 
21566.8324 
