62177.0682 
37478.0813 
49105.9597 
59602.1373 
47395.4012 
51577.1744 
13005.5786 
90575.9623 
32576.1700 
35931.3732 
36741.0984 
30943.8610 
57803.4180 
51248.5931 
14444.4875 
40338.7239 
50841.4475 
35289.3491 
77653.7486 
48539.8650 
37172.9792 
37821.6804 
42594.8690 
24115.8224 
41422.7839 
29950.0104 
75604.3407 
36947.9929 
45219.5306 
38218.2279 
40084.2383 
43233.0672 
47164.6149 
51935.0752 
62531.7201 
59095.2418 
53559.4174 
36029.6879 
36922.5582 
35262.1130 
21566.7414 
39107.7126 
42118.0953 
54211.9166 
53214.0548 
26834.6696 
31662.6114 
46928.0687 
33344.0648 
40359.7707 
62588.2906 
24037.2461 
32140.6916 
59632.3859 
47759.0549 
36590.0185 
40923.2568 
38583.8300 
44521.4319 
38788.8181 
46596.6298 
39433.6036 
57477.7838 
37473.8707 
56401.4643 
47471.7552 
33905.5257 
55488.6178 
34410.1370 
42941.9833 
35807.0283 
44525.8962 
69581.5256 
39055.1166 
24410.2420 
60514.1407 
46936.9421 
53505.7941 
35345.8085 
43484.6509 
67256.7719 
60266.0811 
56944.7369 
46157.6906 
63090.5352 
57016.4223 
49115.4776 
45299.2701 
28399.9196 
48791.6496 
23783.6588 
34287.3051 
51050.1002 
48226.7198 
53672.1634 
46720.8944 
36228.5081 
39271.8337 
22684.1199 
76403.4855 
