76576.1603 
103289.1735 
73444.6892 
56869.4828 
84561.7664 
94739.4024 
46062.6243 
100000.6524 
57246.6578 
80616.5972 
92688.0220 
68859.9799 
60765.7167 
48190.3752 
34494.4675 
58899.3494 
39953.2123 
61353.3916 
72731.5197 
90378.8248 
73680.2985 
39073.8174 
86419.2437 
66466.4795 
51809.4141 
70914.4225 
51843.7344 
95866.8764 
36496.3018 
56264.9452 
54759.9955 
80982.6199 
64645.1196 
78396.5728 
49822.2309 
115968.2107 
56524.2551 
51134.8099 
94216.5614 
77061.3249 
40453.6994 
71423.8200 
69607.1023 
91124.1719 
71649.6485 
46442.5048 
83919.3050 
55798.1449 
60998.6075 
84598.9058 
80633.9102 
57787.1291 
61637.2576 
69523.2335 
73833.0596 
61854.4615 
78018.5373 
77407.0654 
75650.3861 
56078.7573 
67922.7419 
68130.7702 
67631.7265 
73477.7643 
74155.1861 
64524.0469 
62868.1577 
77288.0925 
74655.5734 
51811.8444 
65260.9760 
57084.5708 
93035.9401 
82863.4653 
45230.0766 
55247.7962 
52284.3616 
89014.7433 
81376.6881 
57034.5418 
80456.6590 
62851.4502 
69690.0512 
73843.9028 
75451.3727 
52743.2579 
51637.5332 
81458.6757 
60166.8851 
68184.2157 
74540.9607 
43001.0847 
68202.9096 
57218.7417 
42709.1595 
83302.5899 
72827.2218 
54351.9321 
70807.4584 
70656.0366 
