70919.0495 
66779.8898 
62813.2348 
55662.1834 
65100.5034 
54528.5136 
79359.6087 
51203.3311 
52536.9131 
71634.3574 
73468.5429 
50515.1960 
94250.7273 
71776.2723 
76913.1780 
100832.5177 
72444.2019 
63030.4724 
58736.0567 
73701.5452 
46873.2602 
65933.4384 
49010.0780 
51596.6607 
75873.5040 
64473.4647 
65401.5937 
51440.9690 
53072.8839 
54156.5433 
39212.7093 
70788.8967 
57383.0683 
46301.4144 
53099.8364 
91409.4921 
42804.0822 
76201.7863 
72004.3958 
41732.2285 
73877.6715 
52164.3819 
78471.7418 
60820.5405 
67689.2314 
41022.6744 
37764.7614 
99047.2606 
69249.2357 
32059.5480 
66180.9288 
58307.8999 
44054.5875 
55156.6063 
83316.3316 
59917.1977 
102401.3795 
51125.7726 
52026.8265 
59979.4910 
36755.5315 
36242.6180 
58419.9954 
32160.1716 
50940.3097 
64052.3105 
36483.3954 
68207.3571 
76225.3637 
82477.9412 
78711.7965 
58756.2569 
64636.0724 
58585.0629 
64634.3471 
52069.6768 
53641.4588 
61226.6334 
42994.7697 
72278.0909 
27489.8699 
84088.3872 
61919.2067 
68868.2190 
79913.4756 
48921.8910 
46036.9899 
60734.6770 
64620.8266 
67273.9296 
60326.4924 
63900.0119 
75824.7885 
100034.5540 
42665.6691 
60882.8101 
25160.1612 
61379.7170 
63032.3944 
68689.2638 
