40844.5824 
69419.1779 
80607.7238 
49203.0790 
91881.6029 
42295.8231 
69838.8577 
72723.4602 
108180.2679 
76461.6136 
86907.0966 
88978.5720 
72996.4338 
58034.0682 
49341.0841 
95483.6082 
63672.0283 
94441.5183 
96799.0808 
49377.0614 
50234.6694 
68652.4459 
63123.2217 
81490.7525 
57594.2618 
72408.6080 
49683.4387 
99309.0375 
51000.0842 
64064.5671 
61883.5289 
66383.2686 
75751.9086 
55483.6193 
47231.1347 
52272.4124 
81026.1272 
65828.0111 
90678.4657 
83454.6972 
51487.9106 
76414.6839 
75939.9251 
61462.4852 
66688.5141 
66008.5818 
62149.1729 
73448.1465 
78056.4389 
65666.9662 
61349.1671 
43320.8169 
65975.8509 
73099.4238 
59174.7911 
47649.9651 
70351.3182 
70143.9491 
78115.1103 
79005.5775 
101380.8374 
49540.5263 
74801.7228 
75003.3896 
61100.1869 
51394.8273 
61001.5969 
59491.7917 
84306.1291 
67817.7471 
59049.5182 
56488.9059 
66171.9007 
54709.6490 
43649.4231 
69328.9891 
54792.5692 
76849.3657 
74071.0968 
55113.6943 
49573.0216 
77203.8784 
52921.8615 
44265.6238 
90713.9783 
65419.4301 
57556.0511 
99440.0396 
75258.3185 
45275.7111 
82552.9965 
77813.4718 
90037.7178 
81569.5422 
76125.7008 
67133.4693 
94670.6740 
47735.7807 
66466.1428 
53953.9692 
67600.1598 
72467.2122 
87412.9773 
82584.6767 
90589.6444 
50935.5307 
72453.6337 
101369.4816 
50786.8314 
77303.2890 
93689.2706 
80178.3305 
93872.4710 
55398.6615 
91917.4015 
82265.0756 
55411.0202 
105338.6783 
62548.4885 
102960.9291 
46004.0420 
63617.1424 
71586.3950 
96136.6991 
106324.2367 
106408.7068 
48874.7940 
55323.0479 
60818.0917 
64852.6396 
60754.0167 
80156.2178 
81945.5556 
103539.1370 
76105.7130 
96756.0058 
60011.4796 
86011.1720 
49893.5894 
88069.1819 
85239.9911 
73551.3283 
81416.5171 
97566.4080 
93851.6884 
57781.6373 
75932.0055 
73717.1667 
67118.7901 
72522.0571 
75201.3623 
67671.4250 
95477.6430 
43949.1710 
86953.8127 
74613.5884 
53065.3254 
42824.9201 
42200.2827 
53702.2287 
90315.4777 
61921.7022 
68692.3536 
42990.7077 
74444.0771 
60597.3159 
67723.7793 
101756.0796 
128040.5571 
77696.0607 
26625.1204 
74156.2351 
85349.9088 
59358.4818 
58937.4011 
53737.0960 
48342.7633 
75632.3198 
98537.2030 
22822.7055 
71431.4617 
89548.4298 
65260.8850 
143443.3275 
54626.2529 
60833.7929 
55670.2454 
57735.8937 
112247.0175 
69087.6332 
80753.6417 
80926.8254 
68447.4754 
61964.3129 
64546.1687 
57678.6878 
94055.5743 
47527.3847 
51972.4141 
55336.9864 
63835.0470 
58743.3872 
80125.0077 
70282.7113 
86521.5175 
64598.7133 
83699.7857 
95089.7999 
66300.0030 
92686.6113 
78193.3124 
56302.8030 
71105.9072 
43311.6089 
55278.8314 
51433.8140 
61254.3021 
82223.0443 
63148.9863 
94377.5247 
46211.3834 
93562.6636 
70048.1844 
84814.5570 
68696.6573 
37912.7506 
80889.8620 
60836.9764 
76898.8516 
51754.9873 
84212.6363 
75411.8819 
89681.4360 
80635.4609 
43044.1968 
47269.0022 
82826.0386 
64063.6284 
69991.9961 
64550.6323 
62476.0150 
55959.6859 
75563.9877 
66549.8278 
88677.6690 
47394.3306 
90098.2771 
64399.4405 
47934.5353 
74491.3646 
75739.7252 
76920.9022 
48666.7890 
38661.2424 
84427.9740 
47570.1721 
84517.3728 
78994.4035 
104732.3041 
57844.5956 
82888.9759 
91420.0635 
79310.1060 
49697.5012 
79290.9435 
66958.6796 
75660.6689 
37784.1869 
74325.9416 
70851.9528 
55285.6668 
49406.6873 
73228.9034 
69393.8388 
40209.4874 
34842.7428 
88016.5407 
59238.8533 
98656.7013 
78318.1042 
68892.4567 
51779.8755 
42461.3914 
62770.4267 
98145.8800 
122592.1119 
96247.5918 
54398.8666 
68759.2816 
74559.5652 
50750.1185 
79751.8126 
62788.8146 
65259.2887 
79557.8562 
83608.9013 
91808.5959 
59196.7382 
86573.1045 
97019.8257 
59937.2350 
84185.8091 
74830.3541 
87592.6390 
83668.0325 
67788.2131 
92015.3590 
64573.0749 
83102.7619 
58463.8945 
58721.9233 
87321.2112 
39474.4465 
75054.9779 
72045.6386 
60598.9576 
61902.4223 
83381.7954 
84800.9834 
50062.4600 
57452.9037 
46241.4402 
66902.3056 
62678.0299 
52404.6243 
61585.7027 
73740.3816 
56342.8832 
67333.8448 
84022.5493 
83387.1668 
65144.7171 
96457.9671 
93638.5181 
56174.7628 
69983.1775 
39079.0268 
47326.5145 
81308.9922 
38276.7204 
75941.9274 
45582.7419 
72820.6148 
81502.1691 
68851.1283 
94920.6832 
63975.4986 
83810.2342 
60822.5310 
75913.4444 
81157.4135 
85903.0111 
49404.4844 
46091.1426 
78750.0025 
61794.9679 
44507.2937 
61729.8058 
47585.5153 
31025.9240 
94171.8816 
104101.9030 
59395.3398 
104797.9598 
56886.1670 
79051.9804 
70629.7191 
55468.2081 
35170.1331 
68455.6090 
89928.1510 
60635.7376 
44230.0868 
72038.6096 
72325.7612 
54932.3124 
77370.5385 
63367.9757 
68861.0113 
130249.8113 
64142.9617 
77802.5917 
62720.4548 
88303.2647 
66825.6968 
62732.5723 
40458.2414 
48871.6298 
58209.1348 
71549.2374 
75784.0919 
74650.9411 
34838.8769 
42627.7439 
47422.8913 
94006.9702 
52144.2403 
63006.8594 
106277.2115 
95419.8049 
73630.7581 
73580.0962 
94962.9779 
66367.4606 
86826.4817 
90003.4040 
63554.0298 
46341.8790 
82452.9934 
82440.1965 
46990.3360 
57678.2848 
72306.9780 
67518.9838 
55225.3222 
60615.6940 
61394.3075 
91124.3623 
70421.1294 
48574.8066 
64214.6277 
67614.8131 
88747.4386 
95524.1249 
66504.8101 
74623.4635 
60639.5573 
75882.7453 
67383.2557 
125598.9927 
72989.9541 
71727.7008 
74045.6708 
65552.1831 
70760.0943 
57774.8991 
47027.6075 
112889.7143 
93045.2640 
58680.4189 
85862.2388 
77081.6998 
59376.4633 
74404.8818 
69387.8017 
49494.2616 
70030.6664 
99982.5305 
55300.8685 
77005.9316 
59229.0838 
93612.8500 
80448.3491 
64652.9935 
71294.5809 
48371.0523 
87719.3334 
89583.6906 
90632.8173 
47784.9135 
59006.8657 
69568.3712 
63416.9740 
76517.3780 
91241.1481 
76337.4323 
79094.1155 
84211.3517 
68486.9032 
98671.9222 
41784.0318 
98506.2516 
87232.6161 
97088.8676 
61907.9303 
79412.0870 
85101.8374 
71152.2097 
44935.8693 
107550.6490 
90127.2747 
59585.6801 
58890.3316 
94371.0942 
73364.9055 
52332.4870 
64183.3913 
73480.1678 
74470.6039 
80846.4817 
107561.9311 
88705.3123 
76051.8108 
83159.6743 
68345.1324 
71379.2308 
79872.9319 
71862.9608 
94269.4693 
58894.1128 
62765.4937 
89190.6929 
89154.9804 
83310.5805 
43796.2634 
44251.9332 
48903.1456 
78407.0238 
41576.1822 
57971.0336 
70451.2293 
52977.6676 
71047.4901 
109425.7418 
70316.2867 
90293.8778 
40848.5248 
85129.7726 
72615.7350 
62473.2852 
53556.7207 
141132.4950 
46326.4306 
59414.2683 
76105.1486 
73918.4006 
91691.4704 
59991.5551 
70645.1757 
67485.2134 
93135.2949 
88066.0885 
115731.0156 
45978.4079 
77647.8548 
83669.6590 
108737.7525 
61848.7990 
61397.1462 
61431.2220 
71403.1661 
85693.1084 
80907.5144 
58546.1157 
88969.0788 
65952.5431 
63843.0868 
50546.7307 
70501.3603 
55933.2713 
73238.8194 
86435.6766 
73455.0312 
90613.6939 
81073.9565 
51640.2437 
92989.2164 
49667.2376 
77337.4418 
53020.8718 
80396.6879 
51435.1939 
55495.8756 
62084.2425 
64697.6069 
97552.1499 
106266.4872 
87307.3467 
71933.6751 
72389.2451 
79930.2176 
31752.1314 
77247.3320 
48596.5868 
95882.3359 
52014.9712 
59514.2866 
69100.1333 
48703.2058 
76057.4358 
73138.6499 
65213.0464 
56038.6177 
63653.5281 
96254.3232 
86483.6801 
75057.7891 
81221.7188 
92452.9521 
106193.4553 
54378.6016 
47240.8585 
75646.3867 
66643.2845 
59065.3950 
77314.9289 
61267.2757 
70428.1371 
73751.1936 
61161.0942 
86797.3013 
88549.3096 
38428.9734 
56278.2795 
69175.8392 
60166.8249 
84490.1293 
71800.6824 
97893.2960 
58516.2794 
64043.0734 
62339.2423 
76824.6312 
93390.8385 
39578.8280 
86275.7248 
77502.7921 
74422.3230 
131524.0418 
55226.8129 
55479.6212 
69266.7666 
87352.7786 
86208.3098 
73619.1357 
97313.5013 
101182.1266 
86772.4029 
74099.4287 
67913.3720 
68131.1621 
89871.0389 
99817.7500 
75941.7283 
42041.7003 
83160.6160 
42357.7299 
59373.3255 
65259.9872 
119204.3129 
42072.7174 
68913.4158 
65891.1093 
86108.3709 
47173.1976 
70712.9879 
97255.6429 
44110.3801 
80331.1597 
74498.2534 
57806.4925 
84424.0049 
49261.7123 
63053.0393 
91964.9785 
50370.4171 
45620.7972 
62150.3334 
66700.2533 
41763.7221 
85341.9778 
64825.6660 
70513.8748 
46694.4574 
87483.3093 
121948.1066 
72758.8773 
62297.5941 
100973.7729 
75931.6089 
77922.0761 
56595.5458 
88331.8462 
61392.6298 
76590.2702 
50761.1219 
54171.3464 
76368.5986 
72157.3968 
76209.7721 
63468.2570 
58479.4730 
54837.8538 
70652.8883 
80456.4970 
49735.4726 
86580.8424 
46866.4753 
45080.8220 
47722.5949 
64001.3774 
67834.8711 
64576.3506 
89909.9561 
78862.2023 
76794.1392 
81072.2213 
97674.7536 
85263.9206 
60909.3624 
75330.4490 
89995.9937 
84536.4286 
78125.5365 
45482.9839 
70792.2839 
60254.8757 
70399.0289 
41878.9983 
74547.8092 
66420.2595 
87813.7824 
57189.1436 
74192.3769 
79641.4926 
46452.1174 
46600.5658 
86216.7001 
68051.0812 
62042.8325 
51175.9222 
42965.0857 
77689.7488 
62159.9470 
66927.9843 
74942.0965 
84172.6166 
102713.9490 
75600.4648 
58503.6599 
82090.1852 
64021.4742 
59463.5997 
76226.7586 
47782.1397 
116769.9494 
55434.4648 
54090.5816 
50377.5337 
118886.2925 
57734.8642 
48705.7936 
55190.9385 
107222.2884 
89640.5351 
64183.0307 
67035.6332 
87356.9169 
66990.5987 
83819.6097 
65350.5265 
71771.5385 
36465.7578 
56123.0507 
76259.7239 
60813.4558 
112401.8687 
47803.0635 
70556.2053 
53922.5311 
88153.7815 
94028.6456 
56741.1680 
62183.3739 
32113.7183 
87540.3071 
66446.6490 
58402.1397 
75027.7487 
66277.4506 
69444.3868 
55249.1085 
71141.4134 
43173.0275 
49788.3484 
72603.3265 
54468.5105 
65908.7872 
56846.5819 
74514.1813 
59190.3467 
61721.4396 
57634.8403 
94126.4815 
71569.2623 
65787.5350 
51543.2012 
41040.9423 
86348.8467 
65575.3985 
81462.2862 
82633.1232 
38393.5692 
63710.8557 
91796.7909 
43717.7911 
56842.7508 
42640.8074 
59434.3831 
64598.0048 
42122.3594 
57674.7760 
70225.5558 
57668.3240 
59320.9762 
55865.8698 
81702.1843 
55101.1888 
66996.4795 
91747.6478 
85273.0779 
86824.4752 
71823.1629 
63896.9641 
51399.0397 
66912.0425 
89993.8462 
46745.1424 
86368.2500 
62306.8758 
78338.4857 
82081.8362 
61570.1314 
106430.3221 
91635.9147 
81751.8810 
65359.4788 
73233.3639 
44036.5267 
74460.0952 
72991.5961 
80672.3298 
53441.7327 
77521.0941 
54544.3896 
79622.4060 
102870.4073 
95048.5648 
66394.5710 
73361.2736 
104904.9461 
73059.3945 
117277.3813 
59386.3305 
79563.5048 
46050.3568 
71562.4365 
71911.6881 
106061.7552 
68036.0108 
60767.6014 
79211.0763 
51420.8181 
63667.5212 
103475.7560 
91283.4787 
70299.1469 
68580.3867 
69738.4686 
94524.7825 
71596.4661 
80678.3193 
67842.6077 
70697.9322 
80655.7073 
63900.1421 
95344.6078 
76530.2249 
70942.5767 
62553.3666 
66934.1761 
97271.5902 
79049.7480 
87312.7613 
89682.3331 
50749.6932 
108609.5373 
53604.9895 
61286.5438 
103818.5707 
65592.4663 
78613.5469 
71890.3642 
50865.1953 
48147.7368 
43199.5442 
87331.1379 
77017.6254 
54350.9598 
71982.0837 
69399.0654 
49468.5976 
80058.3992 
64932.3366 
51758.5143 
72993.5148 
61640.7635 
79135.3999 
84143.7930 
69861.8819 
65069.9335 
51066.3667 
85761.9183 
80368.7350 
81940.2202 
50256.1542 
47046.2540 
81615.1397 
60008.6698 
93439.9815 
77902.3527 
58253.3297 
81604.1548 
83080.7182 
77271.4260 
68040.7456 
81078.5646 
78425.4371 
87395.2750 
54089.7709 
50269.2355 
58588.6147 
75585.8650 
54042.9495 
83754.9857 
63796.7657 
50805.9444 
104959.6919 
89805.4512 
77479.0317 
57849.6448 
50552.1198 
76085.3883 
95726.8044 
66343.1436 
82539.0581 
112647.0473 
64600.3092 
50375.8160 
76751.3701 
89130.3247 
82007.2299 
49659.1754 
66269.6474 
86808.3907 
79226.1228 
84138.2318 
43576.4874 
77258.0969 
78234.9378 
84655.8956 
51520.1016 
51122.5813 
58606.6067 
43005.4970 
55476.7045 
83697.8787 
56752.0336 
48605.1339 
72207.5541 
70959.8682 
61094.2834 
66883.3466 
54112.7701 
88791.6792 
76325.7783 
52817.2263 
50056.9925 
92814.6484 
65690.0493 
47339.3964 
66181.0499 
51248.2834 
46742.3728 
72529.3872 
120738.8540 
89831.2163 
63630.5029 
78265.7056 
54074.2151 
66637.7086 
69362.0346 
45584.7643 
48408.0322 
46511.5967 
43280.0588 
83596.5494 
65664.9056 
80960.4433 
68175.3906 
62727.2523 
49358.9459 
71339.6422 
50562.2851 
66532.3563 
40167.6517 
72291.8485 
65974.2266 
69373.7013 
95998.0542 
