23314.5684 
20761.5799 
16783.2348 
31912.0275 
44409.1520 
36581.5274 
18133.2165 
22300.2037 
29825.9574 
44784.0547 
14448.6470 
5603.5142 
37223.9689 
27658.9450 
13334.8744 
10948.1811 
38491.4483 
25837.0742 
48390.1177 
32691.2485 
32604.5591 
16560.9028 
16889.4989 
25154.4001 
21851.2934 
24820.8733 
25429.3889 
16948.3856 
12631.3872 
19011.4223 
23910.1204 
27515.2024 
29894.1276 
25385.6531 
23807.5433 
22053.2806 
12826.7655 
13750.7472 
19000.7357 
42071.1050 
28600.3284 
10992.7888 
26554.3927 
6839.1602 
29219.6921 
26840.4195 
32148.1354 
28886.7688 
27502.2935 
24304.4462 
22468.3880 
19841.0272 
28022.2664 
40637.5370 
15017.9719 
11110.2682 
35217.5171 
40882.5050 
18353.6047 
4875.5850 
20571.0582 
20210.7864 
15099.5303 
26548.9174 
17056.3717 
10472.6435 
37608.1499 
31082.0889 
18951.0886 
10521.2502 
15290.6716 
35065.6808 
3586.2364 
39937.6681 
9156.4417 
28109.9531 
26458.3308 
22796.5904 
21074.3684 
18370.7320 
18559.5331 
24235.3829 
11092.2565 
41491.1133 
36378.9024 
39228.0125 
15063.5619 
29058.9271 
32990.4676 
32164.0711 
42506.1362 
20963.7193 
34936.1930 
19661.4464 
39650.5448 
20105.4400 
30202.6235 
25654.8465 
13400.3545 
50701.3796 
