79120.5807 
70554.1055 
45162.6339 
47499.3917 
40457.8377 
66026.1982 
31297.9107 
78961.1529 
55841.9488 
73432.2214 
82933.5134 
106784.9682 
41936.9792 
46571.1433 
39598.7138 
46428.2222 
56079.6037 
52150.8085 
52089.0965 
54904.7335 
74811.8478 
43101.0485 
40726.9239 
60470.1547 
77288.3663 
35971.1795 
76090.9310 
73793.3733 
60320.9758 
77280.2867 
47283.9637 
71857.4755 
38393.7302 
64604.7505 
57712.8275 
88953.7131 
72281.3834 
57031.0759 
51024.3910 
88289.1504 
40876.6532 
43451.3534 
60645.0650 
47002.5642 
28509.8316 
50289.8531 
56079.8690 
70652.1185 
50600.8786 
51145.2062 
84897.0205 
66453.0340 
60019.5809 
50240.9493 
82655.1131 
48197.5096 
67892.1123 
95426.1432 
60313.6310 
33121.8824 
52386.2702 
88327.6270 
40279.0477 
68250.5536 
63782.5790 
34925.3603 
66484.7211 
41112.9372 
64280.2937 
53527.8390 
54031.0868 
46660.4625 
60614.6224 
56253.1032 
73742.3567 
55925.7341 
47903.3499 
89466.4548 
59382.6731 
81160.3963 
29438.8863 
52286.3141 
57845.8292 
44422.3423 
68075.2129 
66515.1314 
49941.5925 
49312.7400 
34536.2766 
57830.1269 
50403.8767 
49993.9811 
74425.2344 
76499.8254 
40612.7667 
40976.6352 
56669.1828 
56126.8413 
61198.3352 
47243.7566 
