99227.5496 
81013.0186 
44087.4427 
55089.3736 
68724.8979 
49483.0562 
60212.9470 
68354.6224 
56985.3921 
40307.7943 
62235.0251 
69920.1312 
69493.3313 
61502.2337 
93770.1930 
58412.0755 
66327.4926 
53713.1828 
80176.6267 
78316.2908 
70497.9530 
93044.2436 
77882.4646 
37334.6943 
70308.7233 
72195.2463 
79858.4436 
46089.4677 
41558.6774 
65636.8527 
65160.9779 
60827.3768 
91332.5075 
56960.6174 
51747.4427 
29675.1264 
52368.2074 
40221.6487 
52242.9115 
53348.2881 
64833.7233 
63637.9105 
36246.8719 
92587.7050 
89117.1472 
90712.1247 
51687.1740 
40776.8504 
87706.1551 
68657.3785 
80141.8059 
72388.4635 
81135.6430 
71928.0999 
70916.2366 
58901.3706 
113764.3999 
58872.5526 
57710.4084 
82493.4654 
48636.4342 
74126.4871 
61867.8037 
73863.6761 
54158.3788 
79405.7043 
70717.9063 
43273.7548 
70991.7001 
59288.6031 
56468.1587 
29646.7803 
61961.6371 
65476.5218 
65297.0203 
67802.2986 
63419.5438 
46658.8813 
64201.2609 
64865.7950 
49167.6456 
41419.1834 
92034.7463 
59850.1351 
44296.0854 
68913.7320 
80664.9232 
52929.9251 
41419.7725 
59266.8557 
46189.9530 
62521.1917 
44545.4056 
103861.7980 
61042.6981 
71944.8366 
78211.2902 
69052.9413 
44682.1483 
40858.4588 
