54094.1046 
58478.7935 
56940.4479 
67717.3705 
52289.4736 
81930.1009 
56161.6404 
65883.1879 
46920.6737 
72511.6427 
46226.0551 
56205.0562 
30652.0945 
56899.8791 
64584.5496 
56758.2980 
43298.4561 
67712.0734 
50898.1483 
70029.9924 
39114.7412 
61294.8191 
39563.8313 
50599.1746 
38293.7092 
80676.5294 
72780.0676 
50932.3808 
85528.3219 
53271.1423 
68194.2159 
69327.5726 
86479.8212 
81047.9871 
57915.6027 
59628.1606 
70362.5386 
62559.7513 
68889.6748 
57293.9710 
49051.7644 
74995.0641 
43291.9801 
57713.3465 
42861.0764 
58791.2088 
69152.4389 
40304.0240 
60739.1613 
59805.6902 
72286.1674 
65256.9091 
34906.5987 
48364.5257 
51313.9084 
46081.6466 
56583.6814 
37280.9415 
42342.6373 
39404.7236 
46553.1374 
75020.7199 
73970.2443 
41253.6132 
62820.9818 
62856.1688 
60045.8464 
86237.2686 
57282.4305 
36437.9008 
66387.1434 
44677.8909 
88669.1074 
47488.3963 
76306.6929 
70024.5928 
76979.1439 
61664.2387 
43262.4468 
68051.2710 
47197.2743 
39907.8002 
38686.5093 
44941.4988 
50111.8493 
51557.0488 
28591.2866 
60994.6920 
55998.4168 
41293.5354 
50078.6737 
53845.1251 
54578.3924 
49186.6989 
70433.6837 
70821.0773 
69121.4555 
78031.3794 
65313.6673 
60855.9641 
