22399.0333 
22913.7643 
22142.4064 
18038.8237 
21872.4492 
13567.4294 
24067.7265 
9999.3469 
41770.8291 
30533.3586 
29543.0995 
22021.9816 
15773.7978 
19854.1545 
22478.5596 
36594.0642 
19071.6826 
39734.7526 
19564.6766 
31292.4755 
23975.4538 
20738.3643 
35032.0834 
17235.7976 
10228.4975 
14237.9302 
14674.0826 
14742.2045 
26455.7385 
10114.3158 
29384.0856 
12549.8160 
23767.9099 
32814.4448 
13158.1716 
29546.2352 
23560.3149 
35812.1843 
31549.8052 
15637.6996 
33243.8233 
18819.4560 
26377.6824 
26825.2649 
26651.3867 
14876.3856 
24735.7574 
27555.8390 
29545.9003 
19378.0016 
12616.3466 
17287.8515 
14542.9227 
21041.4263 
19525.0436 
29279.6810 
34123.7315 
24005.9582 
18112.9085 
13547.4274 
11321.7846 
31359.4509 
15094.4746 
14488.5677 
19952.8724 
24781.2091 
13950.4275 
24433.6327 
17750.1209 
16150.7608 
15506.4896 
20443.5481 
29696.6105 
6787.8705 
23806.2556 
21088.6820 
19104.2927 
9639.1941 
32262.3625 
60127.7145 
36918.9803 
32755.5666 
22231.2462 
28105.5525 
20169.2223 
13927.7643 
37678.3694 
38485.8396 
32250.4373 
24522.4557 
15066.9811 
6436.1371 
17758.9015 
30351.1108 
21956.1313 
18130.1083 
17744.2994 
14877.4273 
5640.1250 
21008.9609 
