78475.4239 
76205.2734 
80468.3936 
104346.4120 
76857.2520 
83954.8448 
57281.2344 
46479.7654 
57310.0677 
48987.2486 
71866.7227 
84516.8651 
62688.9645 
62961.0288 
62876.2805 
61533.5910 
97602.5419 
105216.7487 
62220.8689 
70359.7881 
88320.8934 
36772.2774 
47007.5475 
76098.9442 
85802.9054 
73630.7680 
75705.1758 
52610.6284 
103572.1955 
57333.8041 
71515.8127 
51121.9862 
67963.6044 
59204.0269 
69227.9243 
77448.8506 
60711.6099 
89816.1299 
72621.0631 
75114.2851 
52865.4393 
61959.1055 
59716.8400 
77632.1512 
67574.8608 
64753.2376 
70758.0991 
66493.4741 
87007.2927 
82467.3849 
69217.9782 
91124.2753 
63304.3987 
70971.7410 
78668.1592 
53813.9612 
76946.8447 
59637.9685 
47439.3447 
51392.8411 
59603.4600 
37717.6272 
120958.3569 
47434.5784 
117601.4363 
49676.5116 
73695.5929 
74464.2889 
73826.2279 
64066.6181 
61955.9605 
56823.6240 
87525.8037 
68380.8749 
83885.1356 
72741.3137 
85834.7997 
89582.3134 
60435.9527 
68099.4418 
91723.3998 
58420.5976 
71342.3250 
79733.4641 
55994.7988 
55750.8502 
51611.5968 
66670.1448 
67224.3539 
88130.9931 
77611.2125 
38265.6631 
45266.8035 
71658.6716 
66743.0657 
73666.9401 
69237.8385 
74405.3781 
78213.8189 
73958.0435 
77298.7810 
65591.5408 
57843.4016 
87877.1092 
54416.3167 
66716.3584 
69489.7289 
60214.0918 
70665.5575 
63059.5495 
86702.9158 
65907.3411 
66860.7298 
49700.4046 
68327.5942 
65441.3689 
104514.3097 
51662.7843 
76866.0430 
47947.2687 
102544.2708 
83062.0538 
69216.8560 
46548.2506 
65013.2331 
40364.4570 
90496.5593 
81992.0637 
81824.5503 
68910.3902 
68496.3269 
77108.5313 
57966.8930 
62098.1716 
77701.5070 
108041.2572 
58067.3132 
74014.8025 
63719.5802 
89033.5537 
44216.2708 
85588.4305 
52338.0384 
93426.1181 
64885.0718 
70064.0239 
88225.8323 
64592.6584 
82251.5516 
61345.9873 
67659.1217 
47357.0996 
69945.4314 
91235.9367 
62024.1949 
115290.9863 
57453.0903 
64593.0876 
79878.4143 
80482.9292 
65122.7002 
57721.3690 
63711.5041 
99744.0974 
75870.7143 
55823.2891 
51759.9372 
67765.4683 
88345.9989 
91077.8611 
68371.4126 
59608.8707 
69784.3414 
48904.8349 
54766.0278 
66082.0606 
51549.2831 
58725.5313 
54108.9205 
34412.1504 
57077.9023 
99254.2080 
89955.2484 
101262.1557 
95938.4341 
36716.4977 
60921.3522 
58126.7730 
79571.0499 
65897.0540 
80104.9011 
63493.9027 
31580.5110 
40669.3950 
73232.2449 
94190.7397 
85304.1261 
45608.9594 
64548.4320 
81127.6419 
51230.1961 
56883.0709 
