60453.7589 
45858.1367 
66175.8239 
63354.2050 
38084.5781 
50523.4146 
53079.3434 
45520.0081 
25306.6735 
17955.3308 
53969.6884 
24781.3668 
35949.6374 
32105.3143 
36577.1586 
32905.0519 
57633.6018 
31597.2219 
19433.4662 
33885.2874 
46769.1379 
36794.4782 
48525.7417 
49260.2282 
31971.4672 
63459.6245 
51363.3087 
59972.6537 
36296.3911 
58758.9783 
41254.8064 
22378.2617 
51918.6552 
46112.4799 
38801.2993 
36455.1839 
64733.4956 
37280.0805 
45232.1954 
36501.2672 
27227.5617 
29741.9432 
40741.1180 
54744.1272 
14892.7748 
26673.8545 
21086.2443 
37406.6027 
32830.8986 
33263.7076 
41579.4445 
52787.6587 
46438.1490 
57311.2637 
33061.1551 
36914.4872 
36461.7856 
52223.3362 
22384.5005 
35250.0901 
28815.5528 
56912.2811 
37909.5968 
15419.7641 
29162.5008 
43106.2896 
50684.5504 
52025.3089 
47831.1901 
38925.0026 
58376.6440 
37722.2042 
64421.7524 
53692.9616 
47927.5567 
40637.2204 
65458.2569 
11921.5083 
52292.4525 
41143.8451 
30525.5197 
40863.1272 
18413.6463 
28686.5387 
27234.8620 
37363.5399 
44071.7563 
50493.7281 
54196.2171 
52624.3978 
42177.0912 
43633.1107 
33351.0525 
47778.9508 
22220.0362 
40766.8372 
27819.3906 
53024.8548 
55319.4448 
53551.5330 
