51274.9620 
42959.3164 
101252.0222 
61001.3717 
49395.8518 
42942.1559 
54943.1253 
88213.4417 
70210.7367 
52888.9150 
61914.9113 
41715.3988 
46089.1061 
54307.5565 
39101.1721 
54986.7122 
88856.0845 
68198.5736 
36348.1628 
34581.7569 
65063.9460 
63258.4918 
65056.6749 
65129.8953 
84441.9553 
44188.1541 
56225.4860 
61249.4955 
78058.5526 
50212.4780 
47366.1396 
69413.2972 
45839.3762 
52351.4139 
53592.2669 
70291.5852 
73008.8957 
63883.0097 
51629.7385 
67767.3403 
50603.2411 
55225.0377 
63779.5144 
43870.3036 
31353.3875 
49442.0901 
53986.9208 
56385.7922 
43011.0898 
62209.4652 
42418.8549 
76909.0771 
54267.1113 
60992.6985 
65390.3877 
43869.2845 
44537.2086 
57610.6888 
60802.9900 
61010.1813 
42565.5004 
57917.1334 
43519.8163 
62462.8072 
63416.0782 
30353.1696 
50449.9848 
64293.5660 
49166.6454 
54917.9327 
71248.0649 
63150.8752 
50150.6825 
33848.1776 
50463.5358 
59013.2151 
69301.2988 
87201.9728 
39712.2834 
47547.9033 
48407.2722 
39612.2189 
60170.0633 
74734.4846 
44564.2231 
55879.9920 
37072.6706 
61670.5898 
68238.5980 
55448.2993 
65107.6435 
64951.6680 
69121.8311 
45075.4547 
58542.5685 
60998.0182 
53739.9119 
77593.0700 
82261.0693 
37786.3921 
82920.8723 
59775.2343 
49034.7231 
64705.1563 
44124.0119 
48513.3460 
72467.5144 
72448.1736 
90783.8047 
54901.5834 
48289.9120 
50855.4548 
40397.4020 
33088.3655 
70289.5138 
94582.8855 
99973.3697 
79156.8126 
48715.1407 
25272.7007 
70263.8647 
57268.8782 
98757.2914 
59012.6566 
17433.6000 
41571.2793 
60966.4540 
46253.7066 
55641.8526 
42202.0111 
46301.6546 
65404.8276 
35228.9636 
71462.0432 
54272.2220 
54923.2665 
62212.2363 
36778.6499 
45784.7344 
76826.4700 
53414.3039 
33537.8213 
64441.9852 
31241.9471 
98724.7228 
84604.8124 
38561.2479 
58023.2155 
52892.6480 
63165.7015 
70570.4876 
47641.4799 
71517.4720 
65927.7145 
52839.3759 
82945.2392 
45625.9022 
67874.1189 
93459.0117 
48966.3048 
89587.1271 
63686.8747 
79863.1962 
59090.7561 
51437.7605 
57825.0955 
33189.3513 
57551.0221 
69024.7755 
67037.9128 
37857.1118 
78655.1054 
40539.8319 
52061.1849 
59496.4320 
54632.5182 
36738.3051 
70428.6985 
45326.7491 
48912.1713 
45606.9943 
54132.1416 
76406.8642 
93316.2600 
94569.7906 
40238.0162 
64486.9995 
66281.2971 
51637.0733 
86185.3085 
65964.9658 
68143.4811 
49063.9560 
35531.2058 
55884.7200 
87063.8667 
49221.6789 
43623.5605 
50862.5639 
55243.0113 
40985.8178 
17809.7638 
