71114.1530 
41730.6529 
65943.7195 
31032.3710 
69333.1400 
67296.3191 
53221.5530 
22489.2830 
34471.5595 
81955.6650 
53735.6224 
39665.9508 
41047.5574 
58184.7378 
30604.7297 
54431.8586 
66687.0839 
49531.9245 
47971.9780 
53673.6006 
65102.9326 
26172.4722 
33000.3748 
32138.0349 
78230.1423 
45648.8735 
44790.7409 
66466.2401 
15030.2676 
47869.6381 
75541.6867 
72444.9970 
61909.3128 
52933.5376 
86605.2683 
44781.3309 
41673.1812 
47048.9835 
60436.6348 
41239.8313 
50920.0161 
82056.5081 
48346.2202 
44946.2905 
61195.8491 
65582.7170 
52821.8230 
56342.1769 
46731.7290 
60776.6773 
33831.2083 
42351.0575 
64405.5019 
50961.7228 
88005.0845 
70573.3752 
74544.1741 
43350.4837 
65004.9653 
44303.2099 
64409.8354 
41955.2489 
38947.2724 
48147.0193 
41874.9871 
41022.4416 
36641.4864 
35924.1797 
41437.9180 
53776.6766 
51029.6832 
43595.7971 
51994.3724 
76446.9559 
39948.0565 
60404.9736 
48850.2865 
42820.3356 
35407.4642 
59181.6575 
43514.7524 
63569.8757 
54434.7454 
38228.5011 
36619.0751 
42697.8278 
38975.8167 
41315.1122 
32153.8416 
48869.7198 
18308.9627 
37090.5478 
51537.1799 
50561.7755 
26732.9046 
45981.8725 
55055.4059 
64809.0155 
58151.9636 
40666.5136 
