47887.9064 
97631.4719 
54841.9096 
47844.3786 
57671.3306 
61561.2013 
64699.8678 
89954.0406 
70529.9677 
60140.1110 
67916.1462 
52313.4602 
70476.9397 
88296.6253 
75751.5562 
44044.2755 
63638.3872 
87215.6618 
79406.6493 
67495.5662 
58049.6628 
61526.0195 
76756.7335 
65547.7678 
57883.3891 
96207.7127 
45822.1629 
51010.4221 
60037.8772 
63426.4471 
46487.3782 
89007.7632 
57826.0960 
48928.3851 
65662.1873 
70018.0521 
58710.8612 
50628.9684 
71660.0272 
83435.2754 
64089.9969 
95312.8636 
97470.7962 
74905.3808 
71045.7698 
84027.8474 
76688.1791 
52110.0677 
72653.4141 
49621.7000 
99939.4845 
60438.3582 
67562.6004 
65248.2514 
73328.3783 
56765.2774 
72543.4472 
102179.3749 
97337.4723 
83028.2758 
59643.6259 
44191.6113 
69101.1351 
54280.8405 
46076.9493 
78244.2083 
97476.9768 
60752.0512 
76387.3559 
79722.0097 
41571.4069 
73793.3492 
50797.9484 
94215.6724 
67214.8008 
55494.2008 
66129.6548 
65815.4508 
100553.3936 
58317.6703 
45947.5745 
81379.8300 
73797.7940 
59177.7581 
90954.3443 
63950.7675 
63948.3437 
80094.6773 
70208.1093 
40778.8852 
77127.7596 
67364.3476 
54465.0786 
69706.6769 
99383.9142 
60517.3712 
67038.0497 
60506.1795 
69795.2455 
108655.9236 
63625.3605 
76250.3869 
62357.5145 
84208.9144 
75855.3205 
60122.1522 
76031.3398 
68872.2503 
69897.3967 
51309.2666 
56461.1447 
53211.7136 
63220.7844 
56786.9265 
56662.3773 
83286.2205 
64590.3338 
61507.9975 
71186.6094 
87401.7173 
53566.2780 
80610.6643 
56302.5612 
71484.2197 
95612.0419 
86972.5514 
56140.9261 
48981.0441 
57574.9379 
106414.0792 
62952.1806 
56977.9671 
56390.0274 
31977.2579 
84966.8371 
39387.8236 
84175.6002 
65512.3681 
91685.7255 
62223.2777 
48074.8593 
81808.3008 
54264.5006 
74320.8012 
42331.7090 
48145.9070 
70286.5233 
50521.7896 
54316.9538 
64706.3977 
52314.8953 
67948.6302 
59081.6009 
66593.3040 
73865.9167 
61235.5664 
72186.9261 
85013.4519 
120851.3427 
51081.1152 
66584.0868 
66095.3474 
66460.7757 
56101.1706 
94287.4750 
86971.3233 
108970.6158 
66132.6537 
71821.0015 
57841.0252 
57157.8410 
55078.1275 
59669.0685 
82568.5714 
64640.7377 
69665.4009 
69604.2946 
61638.7116 
66623.3607 
74425.9213 
76535.3263 
49940.6250 
41110.3347 
59642.9540 
84809.4592 
89882.1882 
77545.5415 
83112.6072 
66270.1742 
49975.4717 
50805.6920 
68114.0997 
55630.1417 
77582.4850 
93724.5339 
41587.6019 
51935.2585 
89736.5268 
101260.4875 
97303.6918 
66104.0304 
90339.7947 
86305.1168 
51100.3353 
74511.0922 
