42765.8329 
28031.7670 
53864.0440 
28750.8404 
27650.5897 
41254.6966 
38740.4380 
30132.5929 
58630.4493 
42289.1432 
48555.3945 
40184.2206 
43773.9690 
41872.6440 
38398.3286 
53044.2983 
55982.8997 
35839.1777 
33744.0388 
46653.4012 
70832.4416 
56349.7765 
51175.7231 
66857.2391 
53571.0947 
36728.6956 
42323.7782 
38315.7694 
34189.4649 
38651.4892 
47588.6225 
44064.1969 
60388.6584 
75338.9732 
43214.1293 
61925.9249 
24286.1112 
28569.1207 
37623.5582 
43122.7283 
53808.9528 
58106.5899 
32926.0955 
70907.8670 
71012.4849 
39268.7120 
52031.0114 
59243.4493 
52082.9296 
48431.7370 
21337.9229 
56737.1696 
27274.5010 
40810.1618 
50326.3611 
24311.4204 
52674.6833 
26987.7453 
37521.4348 
22854.1914 
24601.3527 
36479.4669 
36919.9491 
52018.7498 
49912.7389 
36000.7989 
24283.9199 
12383.7864 
33239.2741 
47175.1451 
31206.2651 
29541.3988 
44133.1469 
60378.0502 
42390.4272 
39974.4588 
28514.8257 
43380.8666 
37231.2523 
62624.5131 
37832.5547 
51872.3414 
57417.2120 
46970.1436 
38046.9316 
36815.9941 
64931.3810 
45678.6938 
65344.8426 
48361.2853 
46828.1207 
37712.9483 
45512.9360 
57227.1799 
47061.4452 
33689.5049 
45285.4029 
32878.9753 
51226.6529 
62928.1755 
